# JRE version: OpenJDK Runtime Environment (8.0_242-b01) (build 1.8.0_242-release-1644-b01)
# Java VM: OpenJDK 64-Bit Server VM (25.242-b01 mixed mode windows-amd64 compressed oops)
Heap:
 PSYoungGen      total 553472K, used 76313K [0x00000000d5580000, 0x0000000100000000, 0x0000000100000000)
  eden space 451072K, 13% used [0x00000000d5580000,0x00000000d90be168,0x00000000f0e00000)
  from space 102400K, 15% used [0x00000000f0e00000,0x00000000f1d484f8,0x00000000f7200000)
  to   space 99840K, 0% used [0x00000000f9e80000,0x00000000f9e80000,0x0000000100000000)
 ParOldGen       total 385536K, used 160076K [0x0000000080000000, 0x0000000097880000, 0x00000000d5580000)
  object space 385536K, 41% used [0x0000000080000000,0x0000000089c533d8,0x0000000097880000)
 Metaspace       used 121041K, capacity 127382K, committed 127576K, reserved 1159168K
  class space    used 15685K, capacity 16913K, committed 17024K, reserved 1048576K
GC Heap History (10 events):
Event: 384.697 GC heap before
{Heap before GC invocations=22 (full 4):
 PSYoungGen      total 399872K, used 391270K [0x00000000d5580000, 0x00000000f4980000, 0x0000000100000000)
  eden space 356864K, 100% used [0x00000000d5580000,0x00000000eb200000,0x00000000eb200000)
  from space 43008K, 79% used [0x00000000eb200000,0x00000000ed3998e0,0x00000000edc00000)
  to   space 46080K, 0% used [0x00000000f1c80000,0x00000000f1c80000,0x00000000f4980000)
 ParOldGen       total 227328K, used 114569K [0x0000000080000000, 0x000000008de00000, 0x00000000d5580000)
  object space 227328K, 50% used [0x0000000080000000,0x0000000086fe27e0,0x000000008de00000)
 Metaspace       used 110081K, capacity 115224K, committed 115288K, reserved 1148928K
  class space    used 14371K, capacity 15450K, committed 15488K, reserved 1048576K
Event: 384.807 GC heap after
Heap after GC invocations=22 (full 4):
 PSYoungGen      total 455680K, used 37274K [0x00000000d5580000, 0x00000000f4800000, 0x0000000100000000)
  eden space 411136K, 0% used [0x00000000d5580000,0x00000000d5580000,0x00000000ee700000)
  from space 44544K, 83% used [0x00000000f1c80000,0x00000000f40e6b58,0x00000000f4800000)
  to   space 49664K, 0% used [0x00000000ee700000,0x00000000ee700000,0x00000000f1780000)
 ParOldGen       total 227328K, used 114569K [0x0000000080000000, 0x000000008de00000, 0x00000000d5580000)
  object space 227328K, 50% used [0x0000000080000000,0x0000000086fe27e0,0x000000008de00000)
 Metaspace       used 110081K, capacity 115224K, committed 115288K, reserved 1148928K
  class space    used 14371K, capacity 15450K, committed 15488K, reserved 1048576K
}
Event: 414.535 GC heap before
{Heap before GC invocations=23 (full 4):
 PSYoungGen      total 455680K, used 448410K [0x00000000d5580000, 0x00000000f4800000, 0x0000000100000000)
  eden space 411136K, 100% used [0x00000000d5580000,0x00000000ee700000,0x00000000ee700000)
  from space 44544K, 83% used [0x00000000f1c80000,0x00000000f40e6b58,0x00000000f4800000)
  to   space 49664K, 0% used [0x00000000ee700000,0x00000000ee700000,0x00000000f1780000)
 ParOldGen       total 227328K, used 114569K [0x0000000080000000, 0x000000008de00000, 0x00000000d5580000)
  object space 227328K, 50% used [0x0000000080000000,0x0000000086fe27e0,0x000000008de00000)
 Metaspace       used 118958K, capacity 125042K, committed 125272K, reserved 1157120K
  class space    used 15504K, capacity 16725K, committed 16768K, reserved 1048576K
Event: 415.094 GC heap after
Heap after GC invocations=23 (full 4):
 PSYoungGen      total 460800K, used 49641K [0x00000000d5580000, 0x00000000fba80000, 0x0000000100000000)
  eden space 411136K, 0% used [0x00000000d5580000,0x00000000d5580000,0x00000000ee700000)
  from space 49664K, 99% used [0x00000000ee700000,0x00000000f177a768,0x00000000f1780000)
  to   space 74240K, 0% used [0x00000000f7200000,0x00000000f7200000,0x00000000fba80000)
 ParOldGen       total 227328K, used 160254K [0x0000000080000000, 0x000000008de00000, 0x00000000d5580000)
  object space 227328K, 70% used [0x0000000080000000,0x0000000089c7f958,0x000000008de00000)
 Metaspace       used 118958K, capacity 125042K, committed 125272K, reserved 1157120K
  class space    used 15504K, capacity 16725K, committed 16768K, reserved 1048576K
}
Event: 425.883 GC heap before
{Heap before GC invocations=24 (full 4):
 PSYoungGen      total 460800K, used 460777K [0x00000000d5580000, 0x00000000fba80000, 0x0000000100000000)
  eden space 411136K, 100% used [0x00000000d5580000,0x00000000ee700000,0x00000000ee700000)
  from space 49664K, 99% used [0x00000000ee700000,0x00000000f177a768,0x00000000f1780000)
  to   space 74240K, 0% used [0x00000000f7200000,0x00000000f7200000,0x00000000fba80000)
 ParOldGen       total 227328K, used 160254K [0x0000000080000000, 0x000000008de00000, 0x00000000d5580000)
  object space 227328K, 70% used [0x0000000080000000,0x0000000089c7f958,0x000000008de00000)
 Metaspace       used 119212K, capacity 125264K, committed 125528K, reserved 1159168K
  class space    used 15519K, capacity 16734K, committed 16768K, reserved 1048576K
Event: 426.401 GC heap after
Heap after GC invocations=24 (full 4):
 PSYoungGen      total 525312K, used 74225K [0x00000000d5580000, 0x0000000100000000, 0x0000000100000000)
  eden space 451072K, 0% used [0x00000000d5580000,0x00000000d5580000,0x00000000f0e00000)
  from space 74240K, 99% used [0x00000000f7200000,0x00000000fba7c558,0x00000000fba80000)
  to   space 102400K, 0% used [0x00000000f0e00000,0x00000000f0e00000,0x00000000f7200000)
 ParOldGen       total 227328K, used 204116K [0x0000000080000000, 0x000000008de00000, 0x00000000d5580000)
  object space 227328K, 89% used [0x0000000080000000,0x000000008c755328,0x000000008de00000)
 Metaspace       used 119212K, capacity 125264K, committed 125528K, reserved 1159168K
  class space    used 15519K, capacity 16734K, committed 16768K, reserved 1048576K
}
Event: 426.401 GC heap before
{Heap before GC invocations=25 (full 5):
 PSYoungGen      total 525312K, used 74225K [0x00000000d5580000, 0x0000000100000000, 0x0000000100000000)
  eden space 451072K, 0% used [0x00000000d5580000,0x00000000d5580000,0x00000000f0e00000)
  from space 74240K, 99% used [0x00000000f7200000,0x00000000fba7c558,0x00000000fba80000)
  to   space 102400K, 0% used [0x00000000f0e00000,0x00000000f0e00000,0x00000000f7200000)
 ParOldGen       total 227328K, used 204116K [0x0000000080000000, 0x000000008de00000, 0x00000000d5580000)
  object space 227328K, 89% used [0x0000000080000000,0x000000008c755328,0x000000008de00000)
 Metaspace       used 119212K, capacity 125264K, committed 125528K, reserved 1159168K
  class space    used 15519K, capacity 16734K, committed 16768K, reserved 1048576K
Event: 428.883 GC heap after
Heap after GC invocations=25 (full 5):
 PSYoungGen      total 525312K, used 0K [0x00000000d5580000, 0x0000000100000000, 0x0000000100000000)
  eden space 451072K, 0% used [0x00000000d5580000,0x00000000d5580000,0x00000000f0e00000)
  from space 74240K, 0% used [0x00000000f7200000,0x00000000f7200000,0x00000000fba80000)
  to   space 102400K, 0% used [0x00000000f0e00000,0x00000000f0e00000,0x00000000f7200000)
 ParOldGen       total 385536K, used 160068K [0x0000000080000000, 0x0000000097880000, 0x00000000d5580000)
  object space 385536K, 41% used [0x0000000080000000,0x0000000089c513d8,0x0000000097880000)
 Metaspace       used 119170K, capacity 125156K, committed 125528K, reserved 1159168K
  class space    used 15504K, capacity 16708K, committed 16768K, reserved 1048576K
}
Event: 1523.159 GC heap before
{Heap before GC invocations=26 (full 5):
 PSYoungGen      total 525312K, used 451072K [0x00000000d5580000, 0x0000000100000000, 0x0000000100000000)
  eden space 451072K, 100% used [0x00000000d5580000,0x00000000f0e00000,0x00000000f0e00000)
  from space 74240K, 0% used [0x00000000f7200000,0x00000000f7200000,0x00000000fba80000)
  to   space 102400K, 0% used [0x00000000f0e00000,0x00000000f0e00000,0x00000000f7200000)
 ParOldGen       total 385536K, used 160068K [0x0000000080000000, 0x0000000097880000, 0x00000000d5580000)
  object space 385536K, 41% used [0x0000000080000000,0x0000000089c513d8,0x0000000097880000)
 Metaspace       used 121010K, capacity 127370K, committed 127576K, reserved 1159168K
  class space    used 15685K, capacity 16913K, committed 17024K, reserved 1048576K
Event: 1523.213 GC heap after
Heap after GC invocations=26 (full 5):
 PSYoungGen      total 553472K, used 15649K [0x00000000d5580000, 0x0000000100000000, 0x0000000100000000)
  eden space 451072K, 0% used [0x00000000d5580000,0x00000000d5580000,0x00000000f0e00000)
  from space 102400K, 15% used [0x00000000f0e00000,0x00000000f1d484f8,0x00000000f7200000)
  to   space 99840K, 0% used [0x00000000f9e80000,0x00000000f9e80000,0x0000000100000000)
 ParOldGen       total 385536K, used 160076K [0x0000000080000000, 0x0000000097880000, 0x00000000d5580000)
  object space 385536K, 41% used [0x0000000080000000,0x0000000089c533d8,0x0000000097880000)
 Metaspace       used 121010K, capacity 127370K, committed 127576K, reserved 1159168K
  class space    used 15685K, capacity 16913K, committed 17024K, reserved 1048576K
}

